PASSED                        [ 16%]FAILED [ 33%]
test_add_group.py:22 (test_add_group[None:name0dU  Xf#[;header?2NoQ.  h L3;footerty="q Std8&u Cd@ >])
[27:New group;None;None,
 29:test_upd;None;None,
 46:New group;None;None,
 47:test;None;None,
 48:;None;None,
 49:name* Q#r;None;None,
 50:name;None;None,
 51:name;None;None,
 52:;None;None,
 53:name 6-$](;None;None,
 54:name;None;None,
 55:nameqd;None;None,
 56:name;None;None,
 57:;None;None,
 58:name(4NCm g;None;None,
 59:nameI g;None;None,
 60:namekvih =;None;None,
 61:nameYbA;None;None,
 62:;None;None,
 None:name0dU  Xf#[;header?2NoQ.  h L3;footerty="q Std8&u Cd@ >] != [27:New group;None;None,
 29:test_upd;None;None,
 46:New group;None;None,
 47:test;None;None,
 48:;None;None,
 49:name* Q#r;None;None,
 50:name;None;None,
 51:name;None;None,
 52:;None;None,
 53:name 6-$](;None;None,
 54:name;None;None,
 55:nameqd;None;None,
 56:name;None;None,
 57:;None;None,
 58:name(4NCm g;None;None,
 59:nameI g;None;None,
 60:namekvih =;None;None,
 61:nameYbA;None;None,
 62:;None;None,
 63:name0dU Xf#[;None;None]

<Click to see difference>

app = <fixture.application.Application object at 0x0000027AA93E6400>
group = None:name0dU  Xf#[;header?2NoQ.  h L3;footerty="q Std8&u Cd@ >

    @pytest.mark.parametrize("group", testdata, ids=[repr(x) for x in testdata])
    def test_add_group(app, group):
            old_groups = app.group.get_group_list()
            app.group.create(group)
            assert len(old_groups) + 1 == app.group.count()
            new_groups = app.group.get_group_list()
            old_groups.append(group)
>           assert sorted(old_groups, key = Group.id_or_max) == sorted(new_groups, key = Group.id_or_max)
E           assert [27:New group;None;None,\n 29:test_upd;None;None,\n 46:New group;None;None,\n 47:test;None;None,\n 48:;None;None,\n 49:name* Q#r;None;None,\n 50:name;None;None,\n 51:name;None;None,\n 52:;None;None,\n 53:name 6-$](;None;None,\n 54:name;None;None,\n 55:nameqd;None;None,\n 56:name;None;None,\n 57:;None;None,\n 58:name(4NCm g;None;None,\n 59:nameI g;None;None,\n 60:namekvih =;None;None,\n 61:nameYbA;None;None,\n 62:;None;None,\n None:name0dU  Xf#[;header?2NoQ.  h L3;footerty="q Std8&u Cd@ >] == [27:New group;None;None,\n 29:test_upd;None;None,\n 46:New group;None;None,\n 47:test;None;None,\n 48:;None;None,\n 49:name* Q#r;None;None,\n 50:name;None;None,\n 51:name;None;None,\n 52:;None;None,\n 53:name 6-$](;None;None,\n 54:name;None;None,\n 55:nameqd;None;None,\n 56:name;None;None,\n 57:;None;None,\n 58:name(4NCm g;None;None,\n 59:nameI g;None;None,\n 60:namekvih =;None;None,\n 61:nameYbA;None;None,\n 62:;None;None,\n 63:name0dU Xf#[;None;None]

test_add_group.py:30: AssertionError
FAILED [ 50%]
test_add_group.py:22 (test_add_group[None:name2;header`}5;footer%v(f.><;#>a'cH`p])
21 != 20

Expected :20
Actual   :21
<Click to see difference>

app = <fixture.application.Application object at 0x0000027AA93E6400>
group = None:name2;header`}5;footer%v(f.><;#>a'cH`p

    @pytest.mark.parametrize("group", testdata, ids=[repr(x) for x in testdata])
    def test_add_group(app, group):
            old_groups = app.group.get_group_list()
            app.group.create(group)
>           assert len(old_groups) + 1 == app.group.count()
E           assert 21 == 20

test_add_group.py:27: AssertionError
PASSED [ 66%]PASSED [ 83%]PASSED [100%]
Assertion failed
